<?xml version="1.0" encoding="UTF-8"?>
<testng-results skipped="0" failed="0" total="1" passed="1">
  <reporter-output>
  </reporter-output>
  <suite name="Default suite" duration-ms="84076" started-at="2016-10-10T05:41:44Z" finished-at="2016-10-10T05:43:08Z">
    <groups>
    </groups>
    <test name="Default test" duration-ms="84076" started-at="2016-10-10T05:41:44Z" finished-at="2016-10-10T05:43:08Z">
      <class name="TestCases.VerifyLoginPageReportWithScreenShot">
        <test-method status="PASS" signature="setUP()[pri:0, instance:TestCases.VerifyLoginPageReportWithScreenShot@3db3ec12]" name="setUP" is-config="true" duration-ms="58908" started-at="2016-10-10T11:11:44Z" finished-at="2016-10-10T11:12:43Z">
          <reporter-output>
          </reporter-output>
        </test-method> <!-- setUP -->
        <test-method status="PASS" signature="testHomePage()[pri:0, instance:TestCases.VerifyLoginPageReportWithScreenShot@3db3ec12]" name="testHomePage" duration-ms="24705" started-at="2016-10-10T11:12:43Z" finished-at="2016-10-10T11:13:08Z">
          <reporter-output>
          </reporter-output>
        </test-method> <!-- testHomePage -->
        <test-method status="PASS" signature="tearDown(org.testng.ITestResult)[pri:0, instance:TestCases.VerifyLoginPageReportWithScreenShot@3db3ec12]" name="tearDown" is-config="true" duration-ms="447" started-at="2016-10-10T11:13:08Z" finished-at="2016-10-10T11:13:08Z">
          <params>
            <param index="0">
              <value>
                <![CDATA[[TestResult name=testHomePage status=SUCCESS method=VerifyLoginPageReportWithScreenShot.testHomePage()[pri:0, instance:TestCases.VerifyLoginPageReportWithScreenShot@3db3ec12] output={null}]]]>
              </value>
            </param>
          </params>
          <reporter-output>
          </reporter-output>
        </test-method> <!-- tearDown -->
      </class> <!-- TestCases.VerifyLoginPageReportWithScreenShot -->
    </test> <!-- Default test -->
  </suite> <!-- Default suite -->
</testng-results>
